2015-02-26T05:06:58.796090+00:00 app[web.1]: 
2015-02-26T05:06:58.778027+00:00 app[web.1]: npm ERR! argv "/app/.heroku/node/bin/node" "/app/.heroku/node/bin/npm" "start"
2015-02-26T05:06:58.778022+00:00 app[web.1]: npm ERR! Linux 3.13.0-40-generic
2015-02-26T05:06:58.780834+00:00 app[web.1]: npm ERR! node v0.12.0
2015-02-26T05:06:58.797949+00:00 app[web.1]: npm ERR! Please include the following file with any support request:
2015-02-26T05:06:58.790282+00:00 app[web.1]: npm ERR! You can get their info via:
2015-02-26T05:06:58.798073+00:00 app[web.1]: npm ERR!     /app/npm-debug.log
2015-02-26T05:06:59.578823+00:00 heroku[web.1]: Process exited with status 1
2015-02-26T05:06:59.586273+00:00 heroku[web.1]: State changed from starting to crashed
2015-02-26T21:21:02.344592+00:00 heroku[api]: Set NODE_ENV config vars by danhems87@gmail.com
2015-02-26T21:21:02.344648+00:00 heroku[api]: Release v6 created by danhems87@gmail.com
2015-02-26T21:21:02.561052+00:00 heroku[web.1]: State changed from crashed to starting
2015-02-26T21:21:05.031054+00:00 heroku[web.1]: Starting process with command `npm start`
2015-02-26T21:21:06.906353+00:00 app[web.1]: Recommending WEB_CONCURRENCY=1
2015-02-26T21:21:06.906339+00:00 app[web.1]: Detected 512 MB available memory, 512 MB limit per process (WEB_MEMORY)
2015-02-26T21:21:07.609227+00:00 app[web.1]: 
2015-02-26T21:21:07.609233+00:00 app[web.1]: > node server/app.js
2015-02-26T21:21:07.609232+00:00 app[web.1]: > snippets@0.0.0 start /app
2015-02-26T21:21:07.609234+00:00 app[web.1]: 
2015-02-26T21:21:08.442348+00:00 app[web.1]:     at Error (native)
2015-02-26T21:21:08.462142+00:00 app[web.1]: 
2015-02-26T21:21:08.471748+00:00 app[web.1]: npm ERR!     node server/app.js
2015-02-26T21:21:08.472613+00:00 app[web.1]: npm ERR! There is likely additional logging output above.
2015-02-26T21:21:08.476245+00:00 app[web.1]: npm ERR!     /app/npm-debug.log
2015-02-26T21:21:08.442352+00:00 app[web.1]:     at module.exports (/app/server/config/express.js:31:13)
2015-02-26T21:21:08.469365+00:00 app[web.1]: npm ERR! node v0.12.0
2015-02-26T21:21:08.471297+00:00 app[web.1]: npm ERR! This is most likely a problem with the snippets package,
2015-02-26T21:21:08.442347+00:00 app[web.1]: Error: ENOENT, no such file or directory '/app/public/favicon.ico'
2015-02-26T21:21:08.442356+00:00 app[web.1]:     at Object.Module._extensions..js (module.js:478:10)
2015-02-26T21:21:08.442359+00:00 app[web.1]:     at Function.Module.runMain (module.js:501:10)
2015-02-26T21:21:08.471440+00:00 app[web.1]: npm ERR! not with npm itself.
2015-02-26T21:21:08.472023+00:00 app[web.1]: npm ERR!     npm owner ls snippets
2015-02-26T21:21:08.442345+00:00 app[web.1]:                  ^
2015-02-26T21:21:08.470212+00:00 app[web.1]: npm ERR! npm  v2.5.1
2015-02-26T21:21:08.442349+00:00 app[web.1]:     at Object.fs.statSync (fs.js:801:18)
2015-02-26T21:21:08.471147+00:00 app[web.1]: npm ERR! Failed at the snippets@0.0.0 start script 'node server/app.js'.
2015-02-26T21:21:08.475628+00:00 app[web.1]: 
2015-02-26T21:21:08.442351+00:00 app[web.1]:     at favicon (/app/node_modules/serve-favicon/index.js:47:15)
2015-02-26T21:21:08.442355+00:00 app[web.1]:     at Module._compile (module.js:460:26)
2015-02-26T21:21:08.470410+00:00 app[web.1]: npm ERR! code ELIFECYCLE
2015-02-26T21:21:08.470624+00:00 app[web.1]: npm ERR! snippets@0.0.0 start: `node server/app.js`
2015-02-26T21:21:08.470795+00:00 app[web.1]: npm ERR! Exit status 1
2015-02-26T21:21:08.442343+00:00 app[web.1]:   return binding.stat(pathModule._makeLong(path));
2015-02-26T21:21:08.442353+00:00 app[web.1]:     at Object.<anonymous> (/app/server/app.js:23:28)
2015-02-26T21:21:08.442358+00:00 app[web.1]:     at Function.Module._load (module.js:310:12)
2015-02-26T21:21:08.469137+00:00 app[web.1]: npm ERR! argv "/app/.heroku/node/bin/node" "/app/.heroku/node/bin/npm" "start"
2015-02-26T21:21:08.471596+00:00 app[web.1]: npm ERR! Tell the author that this fails on your system:
2015-02-26T21:21:08.471877+00:00 app[web.1]: npm ERR! You can get their info via:
2015-02-26T21:21:08.476085+00:00 app[web.1]: npm ERR! Please include the following file with any support request:
2015-02-26T21:21:08.442357+00:00 app[web.1]:     at Module.load (module.js:355:32)
2015-02-26T21:21:08.468454+00:00 app[web.1]: npm ERR! Linux 3.13.0-40-generic
2015-02-26T21:21:08.442338+00:00 app[web.1]: fs.js:801
2015-02-26T21:21:08.470983+00:00 app[web.1]: npm ERR! 
2015-02-26T21:21:09.404202+00:00 heroku[web.1]: Process exited with status 1
2015-02-26T21:21:09.414882+00:00 heroku[web.1]: State changed from starting to crashed
2015-02-26T21:21:09.415509+00:00 heroku[web.1]: State changed from crashed to starting
2015-02-26T21:21:11.462373+00:00 heroku[web.1]: Starting process with command `npm start`
2015-02-26T21:21:13.001820+00:00 app[web.1]: Recommending WEB_CONCURRENCY=1
2015-02-26T21:21:13.001797+00:00 app[web.1]: Detected 512 MB available memory, 512 MB limit per process (WEB_MEMORY)
2015-02-26T21:21:13.739620+00:00 app[web.1]: 
2015-02-26T21:21:13.739633+00:00 app[web.1]: 
2015-02-26T21:21:13.739629+00:00 app[web.1]: > snippets@0.0.0 start /app
2015-02-26T21:21:13.739631+00:00 app[web.1]: > node server/app.js
2015-02-26T21:21:14.619637+00:00 app[web.1]: fs.js:0
2015-02-26T21:21:14.619643+00:00 app[web.1]: (function (exports, require, module, __filename, __dirname) { // Copyright Joy
2015-02-26T21:21:14.619645+00:00 app[web.1]: 
2015-02-26T21:21:14.619674+00:00 app[web.1]: Error: ENOENT, no such file or directory '/app/public/favicon.ico'
2015-02-26T21:21:14.619676+00:00 app[web.1]:     at Error (native)
2015-02-26T21:21:14.619685+00:00 app[web.1]:     at Object.Module._extensions..js (module.js:478:10)
2015-02-26T21:21:14.619678+00:00 app[web.1]:     at Object.fs.statSync (fs.js:801:18)
2015-02-26T21:21:14.619679+00:00 app[web.1]:     at favicon (/app/node_modules/serve-favicon/index.js:47:15)
2015-02-26T21:21:14.619681+00:00 app[web.1]:     at module.exports (/app/server/config/express.js:31:13)
2015-02-26T21:21:14.619682+00:00 app[web.1]:     at Object.<anonymous> (/app/server/app.js:23:28)
2015-02-26T21:21:14.619684+00:00 app[web.1]:     at Module._compile (module.js:460:26)
2015-02-26T21:21:14.619687+00:00 app[web.1]:     at Module.load (module.js:355:32)
2015-02-26T21:21:14.619690+00:00 app[web.1]:     at Function.Module._load (module.js:310:12)
2015-02-26T21:21:14.619692+00:00 app[web.1]:     at Function.Module.runMain (module.js:501:10)
2015-02-26T21:21:14.637686+00:00 app[web.1]: 
2015-02-26T21:21:14.644055+00:00 app[web.1]: npm ERR! argv "/app/.heroku/node/bin/node" "/app/.heroku/node/bin/npm" "start"
2015-02-26T21:21:14.644293+00:00 app[web.1]: npm ERR! node v0.12.0
2015-02-26T21:21:14.644769+00:00 app[web.1]: npm ERR! npm  v2.5.1
2015-02-26T21:21:14.650422+00:00 app[web.1]: npm ERR! Please include the following file with any support request:
2015-02-26T21:21:14.650768+00:00 app[web.1]: npm ERR!     /app/npm-debug.log
2015-02-26T21:21:14.646485+00:00 app[web.1]: npm ERR!     node server/app.js
2015-02-26T21:21:14.646626+00:00 app[web.1]: npm ERR! You can get their info via:
2015-02-26T21:21:14.645166+00:00 app[web.1]: npm ERR! code ELIFECYCLE
2015-02-26T21:21:14.646035+00:00 app[web.1]: npm ERR! This is most likely a problem with the snippets package,
2015-02-26T21:21:14.645376+00:00 app[web.1]: npm ERR! snippets@0.0.0 start: `node server/app.js`
2015-02-26T21:21:14.645708+00:00 app[web.1]: npm ERR! 
2015-02-26T21:21:14.645535+00:00 app[web.1]: npm ERR! Exit status 1
2015-02-26T21:21:14.645864+00:00 app[web.1]: npm ERR! Failed at the snippets@0.0.0 start script 'node server/app.js'.
2015-02-26T21:21:14.646216+00:00 app[web.1]: npm ERR! not with npm itself.
2015-02-26T21:21:14.646773+00:00 app[web.1]: npm ERR!     npm owner ls snippets
2015-02-26T21:21:14.650111+00:00 app[web.1]: 
2015-02-26T21:21:14.643489+00:00 app[web.1]: npm ERR! Linux 3.13.0-40-generic
2015-02-26T21:21:14.646353+00:00 app[web.1]: npm ERR! Tell the author that this fails on your system:
2015-02-26T21:21:14.646938+00:00 app[web.1]: npm ERR! There is likely additional logging output above.
2015-02-26T21:21:15.413115+00:00 heroku[web.1]: State changed from starting to crashed
2015-02-26T21:21:15.408579+00:00 heroku[web.1]: Process exited with status 1
2015-02-26T21:21:43.668609+00:00 heroku[router]: at=error code=H10 desc="App crashed" method=GET path="/" host=danhems-snippets.herokuapp.com request_id=feecfdf3-b7b2-42e9-8232-9e68fbe0dcaf fwd="78.146.97.193" dyno= connect= service= status=503 bytes=
2015-02-26T21:21:45.202085+00:00 heroku[router]: at=error code=H10 desc="App crashed" method=GET path="/favicon.ico" host=danhems-snippets.herokuapp.com request_id=b729dd97-d96c-44f2-8f50-cb0594e7e75b fwd="78.146.97.193" dyno= connect= service= status=503 bytes=
